mysql> use TestYantra;
Reading table information for completion of table and column names
You can turn off this feature to get a quicker startup with -A

Database changed
mysql> select * from Office;
+------------+---------------+--------+----------+----------+-------+---------+------------+---------+
| officeCode | city          | phone  | address1 | address2 | state | country | postalCode | status  |
+------------+---------------+--------+----------+----------+-------+---------+------------+---------+
|          1 | San Francisco | 433223 | sdsd     | fdfd     | CA    | USA     |       7776 | shipped |
|          2 | San Diego     | 433423 | sdsd     | fdfd     | CA    | USA     |       7476 | shipped |
|          3 | San Diego     | 433423 | sdsd     | fdfd     | CA    | UK      |      97676 | packed  |
|          4 | Melbourne     | 433423 | sdsd     | fdfd     | CA    | France  |      97676 | shipped |
|          5 | NYC           | 433423 | sdsd     | fdfd     | CA    | USA     |      97676 | packed  |
+------------+---------------+--------+----------+----------+-------+---------+------------+---------+
5 rows in set (0.00 sec)

mysql> delimiter $$
mysql> create procedure GetOrderByCountryName(
    -> IN countryName varchar(200)
    -> )
    -> BEGIN
    -> SELECT * FROM office WHERE country = countryName;
    -> end $$

Query OK, 0 rows affected (0.00 sec)

mysql> call GetOfficeByCountryName('USA');
+------------+---------------+--------+----------+----------+-------+---------+------------+---------+
| officeCode | city          | phone  | address1 | address2 | state | country | postalCode | status  |
+------------+---------------+--------+----------+----------+-------+---------+------------+---------+
|          1 | San Francisco | 433223 | sdsd     | fdfd     | CA    | USA     |       7776 | shipped |
|          2 | San Diego     | 433423 | sdsd     | fdfd     | CA    | USA     |       7476 | shipped |
|          5 | NYC           | 433423 | sdsd     | fdfd     | CA    | USA     |      97676 | packed  |
+------------+---------------+--------+----------+----------+-------+---------+------------+---------+
3 rows in set (0.00 sec)

Query OK, 0 rows affected (0.00 sec)

mysql> delimiter $$
mysql> create procedure GetOrderCountByStatus(
    -> IN orderStatus varchar(20),
    -> OUT total INT
    -> )
    -> BEGIN
    -> select count(officeCode) into total from Office where status = orderStatus;
    -> end $$
Query OK, 0 rows affected (0.00 sec)

mysql> call GetOrderCountByStatus('shipped',@total);
    -> select @total;
    -> $$
Query OK, 1 row affected (0.00 sec)

+--------+
| @total |
+--------+
|      3 |
+--------+
1 row in set (0.00 sec)

mysql> call GetOrderCountByStatus('packed',@total); select @total;$$
Query OK, 1 row affected (0.00 sec)

+--------+
| @total |
+--------+
|      2 |
+--------+
1 row in set (0.00 sec)

mysql> delimiter $$
mysql> create procedure SetCounter(
    -> inout counter INT,
    -> IN inc INT
    -> )
    -> Begin
    -> Set counter = counter + inc;
    -> end $$
Query OK, 0 rows affected (0.00 sec)

mysql> set @counter = 1;
    -> call SetCounter(@counter,1);
    -> call SetCounter(@counter,1);
    -> call SetCounter(@counter,5);
    -> select @counter;
    -> $$
Query OK, 0 rows affected (0.00 sec)

Query OK, 0 rows affected (0.00 sec)

Query OK, 0 rows affected (0.00 sec)

Query OK, 0 rows affected (0.00 sec)

+----------+
| @counter |
+----------+
|        8 |
+----------+
1 row in set (0.00 sec)

